<?xml version="1.0" encoding="UTF-8"?>
<testng-results ignored="0" total="2" passed="2" failed="0" skipped="0">
  <reporter-output>
  </reporter-output>
  <suite started-at="2023-02-28T21:56:32 IST" name="Suite" finished-at="2023-02-28T21:56:37 IST" duration-ms="4777">
    <groups>
    </groups>
    <test started-at="2023-02-28T21:56:32 IST" name="Test" finished-at="2023-02-28T21:56:37 IST" duration-ms="4777">
      <class name="GenericPackage.BaseClass">
        <test-method is-config="true" signature="setupBrowser()[pri:0, instance:GenericPackage.BaseClass@a3d8174]" started-at="2023-02-28T21:56:32 IST" name="setupBrowser" finished-at="2023-02-28T21:56:35 IST" duration-ms="3264" status="PASS">
          <reporter-output>
          </reporter-output>
        </test-method> <!-- setupBrowser -->
        <test-method signature="navigateURL()[pri:0, instance:GenericPackage.BaseClass@a3d8174]" started-at="2023-02-28T21:56:35 IST" name="navigateURL" finished-at="2023-02-28T21:56:36 IST" duration-ms="799" status="PASS">
          <reporter-output>
          </reporter-output>
        </test-method> <!-- navigateURL -->
        <test-method signature="verifyTitle()[pri:0, instance:GenericPackage.BaseClass@a3d8174]" started-at="2023-02-28T21:56:36 IST" name="verifyTitle" finished-at="2023-02-28T21:56:36 IST" duration-ms="8" status="PASS">
          <reporter-output>
          </reporter-output>
        </test-method> <!-- verifyTitle -->
        <test-method is-config="true" signature="tearDown()[pri:0, instance:GenericPackage.BaseClass@a3d8174]" started-at="2023-02-28T21:56:36 IST" name="tearDown" finished-at="2023-02-28T21:56:37 IST" duration-ms="674" status="PASS">
          <reporter-output>
          </reporter-output>
        </test-method> <!-- tearDown -->
      </class> <!-- GenericPackage.BaseClass -->
    </test> <!-- Test -->
  </suite> <!-- Suite -->
</testng-results>
