<?xml version="1.0" encoding="UTF-8"?>
<testng-results ignored="0" total="2" passed="2" failed="0" skipped="0">
  <reporter-output>
  </reporter-output>
  <suite started-at="2023-03-01T16:23:40 IST" name="Suite" finished-at="2023-03-01T16:23:46 IST" duration-ms="6739">
    <groups>
    </groups>
    <test started-at="2023-03-01T16:23:40 IST" name="Test" finished-at="2023-03-01T16:23:46 IST" duration-ms="6739">
      <class name="GenericPackage.BaseClass">
        <test-method is-config="true" signature="setupBrowser()[pri:0, instance:GenericPackage.BaseClass@a3d8174]" started-at="2023-03-01T16:23:40 IST" name="setupBrowser" finished-at="2023-03-01T16:23:45 IST" duration-ms="4992" status="PASS">
          <reporter-output>
          </reporter-output>
        </test-method> <!-- setupBrowser -->
        <test-method signature="navigateURL()[pri:0, instance:GenericPackage.BaseClass@a3d8174]" started-at="2023-03-01T16:23:45 IST" name="navigateURL" finished-at="2023-03-01T16:23:46 IST" duration-ms="866" status="PASS">
          <reporter-output>
          </reporter-output>
        </test-method> <!-- navigateURL -->
        <test-method signature="verifyTitle()[pri:0, instance:GenericPackage.BaseClass@a3d8174]" started-at="2023-03-01T16:23:46 IST" name="verifyTitle" finished-at="2023-03-01T16:23:46 IST" duration-ms="17" status="PASS">
          <reporter-output>
          </reporter-output>
        </test-method> <!-- verifyTitle -->
        <test-method is-config="true" signature="tearDown()[pri:0, instance:GenericPackage.BaseClass@a3d8174]" started-at="2023-03-01T16:23:46 IST" name="tearDown" finished-at="2023-03-01T16:23:46 IST" duration-ms="770" status="PASS">
          <reporter-output>
          </reporter-output>
        </test-method> <!-- tearDown -->
      </class> <!-- GenericPackage.BaseClass -->
    </test> <!-- Test -->
  </suite> <!-- Suite -->
</testng-results>
